/home/haalbers/george_aalbers/lib/python3.9/site-packages/numpy/lib/arraysetops.py:583: FutureWarning: elementwise comparison failed; returning scalar instead, but in the future will perform elementwise comparison
  mask |= (ar1 == a)
/home/haalbers/neonsleep/do_study.py:45: DtypeWarning: Columns (28) have mixed types.Specify dtype option on import or set low_memory=False.
  preprocess()
/home/haalbers/george_aalbers/lib/python3.9/site-packages/pandas/core/generic.py:4150: PerformanceWarning: dropping on a non-lexsorted multi-index without a level parameter may impact performance.
  obj = obj._drop_axis(labels, axis, level=level, errors=errors)
Starting preprocessing for sleep estimation study.
Specifying the study parameters
===
===
===
Reading study specification
===
===
===
Reading the data.
Resampling to different timescale.
Removing duplicates.
Pivoting the dataframe.
Shifting forward and merging with non-shifted data.
Writing the preprocessed data to file.
Before dropping faulty features: (7557, 193)
After dropping faulty features: (7221, 193)
Finished data preprocessing for sleep estimation study.
Creating folder structure
===
===
===
Conducting experiments
===
===
===
Experiment #1
===
===
===
Training the model
===
===
===
Writing data to file
===
===
===
Training the model
===
===
===
Writing data to file
===
===
===
Training the model
===
===
===
Writing data to file
===
===
===
Training the model
===
===
===
Writing data to file
===
===
===
Training the model
===
===
===
Writing data to file
===
===
===
===
===
===
Experiment #2
===
===
===
Training the model
===
===
===
Writing data to file
===
===
===
Training the model
===
===
===
Writing data to file
===
===
===
Training the model
===
===
===
Writing data to file
===
===
===
Training the model
===
===
===
Writing data to file
===
===
===
Training the model
===
===
===
Writing data to file
===
===
===
===
===
===
Experiment #3
===
===
===
Training the model
===
===
===
Writing data to file
===
===
===
Training the model
===
===
===
Writing data to file
===
===
===
Training the model
===
===
===
Writing data to file
===
===
===
Training the model
===
===
===
Writing data to file
===
===
===
Training the model
===
===
===
Writing data to file
===
===
===
===
===
===
Experiment #4
===
===
===
Training the model
===
===
===
Writing data to file
===
===
===
Traceback (most recent call last):
  File "/home/haalbers/neonsleep/do_study.py", line 78, in <module>
    train_models(experiment[1])
  File "/home/haalbers/neonsleep/train_models.py", line 33, in train_models
    nomothetic_experiment(X, y, ids, study_parameters)
  File "/home/haalbers/neonsleep/nomothetic_experiment.py", line 43, in nomothetic_experiment
    model = build_model(study_parameters)
  File "/home/haalbers/neonsleep/build_model.py", line 32, in build_model
    model = svm.GradientBoostingRegressor()
AttributeError: module 'sklearn.svm' has no attribute 'GradientBoostingRegressor'
